<?xml version="1.0" encoding="UTF-8" ?>
<testsuite tests="20" failures="0" name="FooterLinksTest" time="336.467" errors="0" skipped="0">
  <properties>
[...]
</properties>
  <testcase classname="FooterLinksTest" name="ourMission" time="17.881"/>
  <testcase classname="FooterLinksTest" name="googlePlay" time="17.693"/>
  <testcase classname="FooterLinksTest" name="howItWorks" time="13.662"/>
  <testcase classname="FooterLinksTest" name="aboutUs" time="14.232"/>
  <testcase classname="FooterLinksTest" name="youtube" time="19.097"/>
  <testcase classname="FooterLinksTest" name="twitter" time="15.318"/>
  <testcase classname="FooterLinksTest" name="chromaticTuner" time="13.002"/>
  <testcase classname="FooterLinksTest" name="metronome" time="11.13"/>
  <testcase classname="FooterLinksTest" name="createAPage" time="16.749"/>
  <testcase classname="FooterLinksTest" name="contactUs" time="13.888"/>
  <testcase classname="FooterLinksTest" name="termsOfService" time="35.742"/>
  <testcase classname="FooterLinksTest" name="tour" time="12.498"/>
  <testcase classname="FooterLinksTest" name="press" time="13.182"/>
  <testcase classname="FooterLinksTest" name="radio" time="13.433"/>
  <testcase classname="FooterLinksTest" name="facebook" time="24.998"/>
  <testcase classname="FooterLinksTest" name="careers" time="21.023"/>
  <testcase classname="FooterLinksTest" name="promotionTools" time="17.821"/>
  <testcase classname="FooterLinksTest" name="appStore" time="18.112"/>
  <testcase classname="FooterLinksTest" name="privacyPolicy" time="12.648"/>
  <testcase classname="FooterLinksTest" name="electronicPressKit" time="14.358"/>
</testsuite>